  [1m[35m (1.0ms)[0m  [1m[34mSELECT sqlite_version(*)[0m
  [1m[35m (7.3ms)[0m  [1m[35mCREATE TABLE "schema_migrations" ("version" varchar NOT NULL PRIMARY KEY)[0m
  [1m[35m (7.0ms)[0m  [1m[35mCREATE TABLE "ar_internal_metadata" ("key" varchar NOT NULL PRIMARY KEY, "value" varchar, "created_at" datetime(6) NOT NULL, "updated_at" datetime(6) NOT NULL)[0m
  [1m[35m (0.1ms)[0m  [1m[34mSELECT "schema_migrations"."version" FROM "schema_migrations" ORDER BY "schema_migrations"."version" ASC[0m
Migrating to CreateTrainees (20220629065817)
  [1m[35m (0.4ms)[0m  [1m[34mSELECT sqlite_version(*)[0m
  [1m[35m (0.1ms)[0m  [1m[34mSELECT "schema_migrations"."version" FROM "schema_migrations" ORDER BY "schema_migrations"."version" ASC[0m
Migrating to CreateTrainees (20220629065817)
  [1m[35m (0.3ms)[0m  [1m[34mSELECT sqlite_version(*)[0m
  [1m[35m (0.1ms)[0m  [1m[34mSELECT "schema_migrations"."version" FROM "schema_migrations" ORDER BY "schema_migrations"."version" ASC[0m
Migrating to CreateTrainees (20220629065817)
  [1m[35m (0.3ms)[0m  [1m[34mSELECT sqlite_version(*)[0m
  [1m[35m (0.1ms)[0m  [1m[34mSELECT "schema_migrations"."version" FROM "schema_migrations" ORDER BY "schema_migrations"."version" ASC[0m
Migrating to CreateTrainees (20220629065817)
  [1m[35m (0.3ms)[0m  [1m[34mSELECT sqlite_version(*)[0m
  [1m[35m (0.1ms)[0m  [1m[34mSELECT "schema_migrations"."version" FROM "schema_migrations" ORDER BY "schema_migrations"."version" ASC[0m
Migrating to CreateTrainees (20220629065817)
  [1m[35m (0.2ms)[0m  [1m[34mSELECT sqlite_version(*)[0m
  [1m[35m (0.1ms)[0m  [1m[34mSELECT "schema_migrations"."version" FROM "schema_migrations" ORDER BY "schema_migrations"."version" ASC[0m
Migrating to CreateTrainees (20220629065817)
  [1m[35m (0.2ms)[0m  [1m[34mSELECT sqlite_version(*)[0m
  [1m[35m (0.1ms)[0m  [1m[34mSELECT "schema_migrations"."version" FROM "schema_migrations" ORDER BY "schema_migrations"."version" ASC[0m
Migrating to CreateTrainees (20220629065817)
  [1m[35m (0.2ms)[0m  [1m[34mSELECT sqlite_version(*)[0m
  [1m[35m (0.1ms)[0m  [1m[34mSELECT "schema_migrations"."version" FROM "schema_migrations" ORDER BY "schema_migrations"."version" ASC[0m
Migrating to CreateTrainees (20220629065817)
  [1m[35m (0.2ms)[0m  [1m[34mSELECT sqlite_version(*)[0m
  [1m[35m (0.1ms)[0m  [1m[34mSELECT "schema_migrations"."version" FROM "schema_migrations" ORDER BY "schema_migrations"."version" ASC[0m
Migrating to CreateTrainees (20220629065817)
  [1m[35m (0.3ms)[0m  [1m[34mSELECT sqlite_version(*)[0m
  [1m[35m (0.1ms)[0m  [1m[34mSELECT "schema_migrations"."version" FROM "schema_migrations" ORDER BY "schema_migrations"."version" ASC[0m
Migrating to CreateTrainees (20220629065817)
  [1m[35m (0.3ms)[0m  [1m[34mSELECT sqlite_version(*)[0m
  [1m[35m (0.1ms)[0m  [1m[34mSELECT "schema_migrations"."version" FROM "schema_migrations" ORDER BY "schema_migrations"."version" ASC[0m
Migrating to CreateTrainees (20220629065817)
  [1m[35m (0.3ms)[0m  [1m[34mSELECT sqlite_version(*)[0m
  [1m[35m (0.1ms)[0m  [1m[34mSELECT "schema_migrations"."version" FROM "schema_migrations" ORDER BY "schema_migrations"."version" ASC[0m
Migrating to CreateTrainees (20220629065817)
  [1m[35m (0.3ms)[0m  [1m[34mSELECT sqlite_version(*)[0m
  [1m[35m (0.1ms)[0m  [1m[34mSELECT "schema_migrations"."version" FROM "schema_migrations" ORDER BY "schema_migrations"."version" ASC[0m
Migrating to CreateTrainees (20220629065817)
  [1m[35m (0.2ms)[0m  [1m[34mSELECT sqlite_version(*)[0m
  [1m[35m (0.1ms)[0m  [1m[34mSELECT "schema_migrations"."version" FROM "schema_migrations" ORDER BY "schema_migrations"."version" ASC[0m
Migrating to CreateTrainees (20220629065817)
  [1m[35m (0.2ms)[0m  [1m[34mSELECT sqlite_version(*)[0m
  [1m[35m (0.1ms)[0m  [1m[34mSELECT "schema_migrations"."version" FROM "schema_migrations" ORDER BY "schema_migrations"."version" ASC[0m
Migrating to CreateTrainees (20220629065817)
  [1m[35m (0.2ms)[0m  [1m[34mSELECT sqlite_version(*)[0m
  [1m[35m (0.1ms)[0m  [1m[34mSELECT "schema_migrations"."version" FROM "schema_migrations" ORDER BY "schema_migrations"."version" ASC[0m
Migrating to CreateTrainees (20220629065817)
  [1m[35m (0.4ms)[0m  [1m[34mSELECT sqlite_version(*)[0m
  [1m[35m (0.1ms)[0m  [1m[34mSELECT "schema_migrations"."version" FROM "schema_migrations" ORDER BY "schema_migrations"."version" ASC[0m
Migrating to CreateTrainees (20220629065817)
  [1m[35m (0.0ms)[0m  [1m[36mbegin transaction[0m
  [1m[35m (0.2ms)[0m  [1m[35mCREATE TABLE "trainees" ("id" integer PRIMARY KEY AUTOINCREMENT NOT NULL, "Email" varchar, "Password" varchar, "Name" varchar, "City" varchar, "Contact" varchar, "Description" text, "created_at" datetime(6) NOT NULL, "updated_at" datetime(6) NOT NULL)[0m
  [1m[36mActiveRecord::SchemaMigration Create (0.1ms)[0m  [1m[32mINSERT INTO "schema_migrations" ("version") VALUES (?)[0m  [["version", "20220629065817"]]
  [1m[35m (658.2ms)[0m  [1m[36mcommit transaction[0m
Migrating to CreateTrainers (20220629065943)
  [1m[35m (0.1ms)[0m  [1m[36mbegin transaction[0m
  [1m[35m (0.4ms)[0m  [1m[35mCREATE TABLE "trainers" ("id" integer PRIMARY KEY AUTOINCREMENT NOT NULL, "Email" varchar, "Password" varchar, "Name" varchar, "Experience" varchar, "fees" varchar, "Description" text, "created_at" datetime(6) NOT NULL, "updated_at" datetime(6) NOT NULL)[0m
  [1m[36mActiveRecord::SchemaMigration Create (0.2ms)[0m  [1m[32mINSERT INTO "schema_migrations" ("version") VALUES (?)[0m  [["version", "20220629065943"]]
  [1m[35m (32.0ms)[0m  [1m[36mcommit transaction[0m
Migrating to CreateGyms (20220629070137)
  [1m[35m (0.1ms)[0m  [1m[36mbegin transaction[0m
  [1m[35m (0.8ms)[0m  [1m[35mCREATE TABLE "gyms" ("id" integer PRIMARY KEY AUTOINCREMENT NOT NULL, "email" varchar, "Password" varchar, "Name" varchar, "City" varchar, "Owner_name" varchar, "fees" varchar, "Description" text, "created_at" datetime(6) NOT NULL, "updated_at" datetime(6) NOT NULL)[0m
  [1m[36mActiveRecord::SchemaMigration Create (0.4ms)[0m  [1m[32mINSERT INTO "schema_migrations" ("version") VALUES (?)[0m  [["version", "20220629070137"]]
  [1m[35m (32.3ms)[0m  [1m[36mcommit transaction[0m
Migrating to CreateApplications (20220629071013)
  [1m[35m (0.2ms)[0m  [1m[36mbegin transaction[0m
  [1m[35m (1.1ms)[0m  [1m[35mCREATE TABLE "applications" ("id" integer PRIMARY KEY AUTOINCREMENT NOT NULL, "trainee_id" integer, "trainer_id" integer, "gym_id" integer, "start_date" date, "end_date" date, "status" text, "created_at" datetime(6) NOT NULL, "updated_at" datetime(6) NOT NULL)[0m
  [1m[35m (0.5ms)[0m  [1m[35mCREATE  INDEX "index_applications_on_trainee_id" ON "applications" ("trainee_id")[0m
  [1m[35m (0.5ms)[0m  [1m[35mCREATE  INDEX "index_applications_on_trainer_id" ON "applications" ("trainer_id")[0m
  [1m[35m (0.2ms)[0m  [1m[35mCREATE  INDEX "index_applications_on_gym_id" ON "applications" ("gym_id")[0m
  [1m[36mActiveRecord::SchemaMigration Create (0.2ms)[0m  [1m[32mINSERT INTO "schema_migrations" ("version") VALUES (?)[0m  [["version", "20220629071013"]]
  [1m[35m (41.7ms)[0m  [1m[36mcommit transaction[0m
  [1m[36mActiveRecord::InternalMetadata Load (0.3ms)[0m  [1m[34mSELECT "ar_internal_metadata".* FROM "ar_internal_metadata" WHERE "ar_internal_metadata"."key" = ? LIMIT ?[0m  [["key", "environment"], ["LIMIT", 1]]
  [1m[35m (0.1ms)[0m  [1m[36mbegin transaction[0m
  [1m[36mActiveRecord::InternalMetadata Create (0.4ms)[0m  [1m[32mINSERT INTO "ar_internal_metadata" ("key", "value", "created_at", "updated_at") VALUES (?, ?, ?, ?)[0m  [["key", "environment"], ["value", "development"], ["created_at", "2022-06-29 11:14:21.215626"], ["updated_at", "2022-06-29 11:14:21.215626"]]
  [1m[35m (25.1ms)[0m  [1m[36mcommit transaction[0m
  [1m[35m (0.2ms)[0m  [1m[34mSELECT sqlite_version(*)[0m
  [1m[35m (0.3ms)[0m  [1m[34mSELECT "schema_migrations"."version" FROM "schema_migrations" ORDER BY "schema_migrations"."version" ASC[0m
  [1m[35m (0.3ms)[0m  [1m[34mSELECT sqlite_version(*)[0m
  [1m[36mTrainee Load (0.1ms)[0m  [1m[34mSELECT "trainees".* FROM "trainees" LIMIT ?[0m  [["LIMIT", 11]]
  [1m[35m (0.2ms)[0m  [1m[36mbegin transaction[0m
  [1m[36mTrainee Create (69.0ms)[0m  [1m[32mINSERT INTO "trainees" ("Email", "Name", "City", "Contact", "Description", "created_at", "updated_at") VALUES (?, ?, ?, ?, ?, ?, ?)[0m  [["Email", "alok@gmail.com"], ["Name", "Alok Kumar"], ["City", "kochi"], ["Contact", "1112223333"], ["Description", "alok works at Rently"], ["created_at", "2022-06-29 11:44:12.356041"], ["updated_at", "2022-06-29 11:44:12.356041"]]
  [1m[35m (373.2ms)[0m  [1m[36mcommit transaction[0m
  [1m[36mTrainee Destroy (438.9ms)[0m  [1m[31mDELETE FROM "trainees" WHERE "trainees"."id" = ?[0m  [["id", 1]]
  [1m[36mTrainer Load (0.2ms)[0m  [1m[34mSELECT "trainers".* FROM "trainers" LIMIT ?[0m  [["LIMIT", 11]]
Started GET "/" for ::1 at 2022-06-29 17:29:19 +0530
  [1m[35m (0.3ms)[0m  [1m[34mSELECT sqlite_version(*)[0m
  [1m[35m (0.1ms)[0m  [1m[34mSELECT "schema_migrations"."version" FROM "schema_migrations" ORDER BY "schema_migrations"."version" ASC[0m
Processing by Rails::WelcomeController#index as HTML
  Rendering /usr/share/rvm/gems/ruby-3.0.0/gems/railties-6.0.5/lib/rails/templates/rails/welcome/index.html.erb
  Rendered /usr/share/rvm/gems/ruby-3.0.0/gems/railties-6.0.5/lib/rails/templates/rails/welcome/index.html.erb (Duration: 4.9ms | Allocations: 461)
Completed 200 OK in 17ms (Views: 8.4ms | ActiveRecord: 0.0ms | Allocations: 4210)


Started GET "/admin" for ::1 at 2022-06-29 17:29:33 +0530
  
ActionController::RoutingError (No route matches [GET] "/admin"):
  
actionpack (6.0.5) lib/action_dispatch/middleware/debug_exceptions.rb:36:in `call'
web-console (4.2.0) lib/web_console/middleware.rb:132:in `call_app'
web-console (4.2.0) lib/web_console/middleware.rb:28:in `block in call'
web-console (4.2.0) lib/web_console/middleware.rb:17:in `catch'
web-console (4.2.0) lib/web_console/middleware.rb:17:in `call'
actionpack (6.0.5) lib/action_dispatch/middleware/show_exceptions.rb:33:in `call'
railties (6.0.5) lib/rails/rack/logger.rb:37:in `call_app'
railties (6.0.5) lib/rails/rack/logger.rb:26:in `block in call'
activesupport (6.0.5) lib/active_support/tagged_logging.rb:80:in `block in tagged'
activesupport (6.0.5) lib/active_support/tagged_logging.rb:28:in `tagged'
activesupport (6.0.5) lib/active_support/tagged_logging.rb:80:in `tagged'
railties (6.0.5) lib/rails/rack/logger.rb:26:in `call'
sprockets-rails (3.4.2) lib/sprockets/rails/quiet_assets.rb:13:in `call'
actionpack (6.0.5) lib/action_dispatch/middleware/remote_ip.rb:81:in `call'
actionpack (6.0.5) lib/action_dispatch/middleware/request_id.rb:27:in `call'
rack (2.2.3.1) lib/rack/method_override.rb:24:in `call'
rack (2.2.3.1) lib/rack/runtime.rb:22:in `call'
activesupport (6.0.5) lib/active_support/cache/strategy/local_cache_middleware.rb:29:in `call'
actionpack (6.0.5) lib/action_dispatch/middleware/executor.rb:14:in `call'
actionpack (6.0.5) lib/action_dispatch/middleware/static.rb:126:in `call'
rack (2.2.3.1) lib/rack/sendfile.rb:110:in `call'
actionpack (6.0.5) lib/action_dispatch/middleware/host_authorization.rb:103:in `call'
webpacker (4.3.0) lib/webpacker/dev_server_proxy.rb:23:in `perform_request'
rack-proxy (0.7.2) lib/rack/proxy.rb:67:in `call'
railties (6.0.5) lib/rails/engine.rb:527:in `call'
puma (4.3.12) lib/puma/configuration.rb:228:in `call'
puma (4.3.12) lib/puma/server.rb:727:in `handle_request'
puma (4.3.12) lib/puma/server.rb:476:in `process_client'
puma (4.3.12) lib/puma/server.rb:332:in `block in run'
puma (4.3.12) lib/puma/thread_pool.rb:134:in `block in spawn_thread'
Started GET "/" for ::1 at 2022-06-29 17:29:50 +0530
Processing by Rails::WelcomeController#index as HTML
  Rendering /usr/share/rvm/gems/ruby-3.0.0/gems/railties-6.0.5/lib/rails/templates/rails/welcome/index.html.erb
  Rendered /usr/share/rvm/gems/ruby-3.0.0/gems/railties-6.0.5/lib/rails/templates/rails/welcome/index.html.erb (Duration: 7.7ms | Allocations: 181)
Completed 200 OK in 10ms (Views: 9.0ms | ActiveRecord: 0.0ms | Allocations: 941)


